{"C:\\Users\\brigh\\bb\\cit262-brightonkbgrow-test\\NodeJSExample\\src\\helloworld.js": {"path":"C:\\Users\\brigh\\bb\\cit262-brightonkbgrow-test\\NodeJSExample\\src\\helloworld.js","statementMap":{"0":{"start":{"line":1,"column":11},"end":{"line":1,"column":26}},"1":{"start":{"line":2,"column":0},"end":{"line":2,"column":46}},"2":{"start":{"line":3,"column":0},"end":{"line":3,"column":31}},"3":{"start":{"line":5,"column":0},"end":{"line":7,"column":2}}},"fnMap":{},"branchMap":{},"s":{"0":1,"1":1,"2":1,"3":1},"f":{},"b":{},"_coverageSchema":"1a1c01bbd47fc00a2c39e90264f33305004495a9","hash":"80a06266edb3ce66395e71764264d6a781b3ffeb"}
}
